mode: atomic
github.com/hack-fiap233/processor/main.go:22.13,24.16 2 0
github.com/hack-fiap233/processor/main.go:24.16,26.3 1 0
github.com/hack-fiap233/processor/main.go:29.2,30.16 2 0
github.com/hack-fiap233/processor/main.go:30.16,32.3 1 0
github.com/hack-fiap233/processor/main.go:33.2,33.45 1 0
github.com/hack-fiap233/processor/main.go:33.45,35.3 1 0
github.com/hack-fiap233/processor/main.go:36.2,40.16 3 0
github.com/hack-fiap233/processor/main.go:40.16,42.3 1 0
github.com/hack-fiap233/processor/main.go:45.2,58.102 8 0
github.com/hack-fiap233/processor/config/config.go:24.32,29.2 1 2
github.com/hack-fiap233/processor/config/config.go:31.30,33.20 2 4
github.com/hack-fiap233/processor/config/config.go:33.20,35.3 1 1
github.com/hack-fiap233/processor/config/config.go:36.2,37.20 2 3
github.com/hack-fiap233/processor/config/config.go:37.20,39.3 1 1
github.com/hack-fiap233/processor/config/config.go:41.2,53.8 1 2
github.com/hack-fiap233/processor/internal/adapters/ffmpeg/extractor.go:18.23,20.79 1 1
github.com/hack-fiap233/processor/internal/adapters/ffmpeg/extractor.go:20.79,22.4 1 0
github.com/hack-fiap233/processor/internal/adapters/ffmpeg/extractor.go:28.97,31.16 3 6
github.com/hack-fiap233/processor/internal/adapters/ffmpeg/extractor.go:31.16,33.3 1 2
github.com/hack-fiap233/processor/internal/adapters/ffmpeg/extractor.go:35.2,36.36 2 4
github.com/hack-fiap233/processor/internal/adapters/ffmpeg/extractor.go:36.36,38.3 1 1
github.com/hack-fiap233/processor/internal/adapters/ffmpeg/extractor.go:40.2,40.20 1 3
github.com/hack-fiap233/processor/internal/adapters/s3/storage.go:24.56,26.2 1 1
github.com/hack-fiap233/processor/internal/adapters/s3/storage.go:28.79,33.16 2 4
github.com/hack-fiap233/processor/internal/adapters/s3/storage.go:33.16,35.3 1 1
github.com/hack-fiap233/processor/internal/adapters/s3/storage.go:36.2,39.16 3 3
github.com/hack-fiap233/processor/internal/adapters/s3/storage.go:39.16,41.3 1 1
github.com/hack-fiap233/processor/internal/adapters/s3/storage.go:42.2,45.12 3 2
github.com/hack-fiap233/processor/internal/adapters/s3/storage.go:48.77,50.16 2 3
github.com/hack-fiap233/processor/internal/adapters/s3/storage.go:50.16,52.3 1 1
github.com/hack-fiap233/processor/internal/adapters/s3/storage.go:53.2,60.12 3 2
github.com/hack-fiap233/processor/internal/adapters/postgres/postgres.go:17.43,19.16 2 1
github.com/hack-fiap233/processor/internal/adapters/postgres/postgres.go:19.16,21.3 1 0
github.com/hack-fiap233/processor/internal/adapters/postgres/postgres.go:22.2,22.33 1 1
github.com/hack-fiap233/processor/internal/adapters/postgres/postgres.go:22.33,24.3 1 1
github.com/hack-fiap233/processor/internal/adapters/postgres/postgres.go:25.2,25.16 1 0
github.com/hack-fiap233/processor/internal/adapters/postgres/postgres.go:29.32,32.2 2 0
github.com/hack-fiap233/processor/internal/adapters/postgres/postgres.go:39.54,41.2 1 1
github.com/hack-fiap233/processor/internal/adapters/postgres/postgres.go:43.95,46.2 2 5
github.com/hack-fiap233/processor/internal/adapters/postgres/postgres.go:48.113,54.2 2 2
github.com/hack-fiap233/processor/internal/adapters/http/server.go:16.31,18.2 1 6
github.com/hack-fiap233/processor/internal/adapters/http/server.go:21.26,23.2 1 0
github.com/hack-fiap233/processor/internal/adapters/http/server.go:25.41,30.2 4 2
github.com/hack-fiap233/processor/internal/adapters/http/server.go:32.72,35.2 2 4
github.com/hack-fiap233/processor/internal/adapters/sqs/consumer.go:44.94,50.2 1 1
github.com/hack-fiap233/processor/internal/adapters/sqs/consumer.go:53.47,55.6 2 4
github.com/hack-fiap233/processor/internal/adapters/sqs/consumer.go:55.6,56.10 1 8
github.com/hack-fiap233/processor/internal/adapters/sqs/consumer.go:57.21,58.10 1 3
github.com/hack-fiap233/processor/internal/adapters/sqs/consumer.go:59.11,59.11 0 5
github.com/hack-fiap233/processor/internal/adapters/sqs/consumer.go:62.3,67.17 2 5
github.com/hack-fiap233/processor/internal/adapters/sqs/consumer.go:67.17,68.24 1 1
github.com/hack-fiap233/processor/internal/adapters/sqs/consumer.go:68.24,70.5 1 1
github.com/hack-fiap233/processor/internal/adapters/sqs/consumer.go:71.4,73.12 3 0
github.com/hack-fiap233/processor/internal/adapters/sqs/consumer.go:76.3,76.39 1 4
github.com/hack-fiap233/processor/internal/adapters/sqs/consumer.go:76.39,77.76 1 2
github.com/hack-fiap233/processor/internal/adapters/sqs/consumer.go:77.76,79.5 1 1
github.com/hack-fiap233/processor/internal/adapters/sqs/consumer.go:84.90,86.65 2 9
github.com/hack-fiap233/processor/internal/adapters/sqs/consumer.go:86.65,88.3 1 1
github.com/hack-fiap233/processor/internal/adapters/sqs/consumer.go:90.2,91.71 2 8
github.com/hack-fiap233/processor/internal/adapters/sqs/consumer.go:91.71,93.3 1 1
github.com/hack-fiap233/processor/internal/adapters/sqs/consumer.go:95.2,102.54 2 7
github.com/hack-fiap233/processor/internal/adapters/sqs/consumer.go:102.54,104.3 1 2
github.com/hack-fiap233/processor/internal/adapters/sqs/consumer.go:106.2,109.17 1 5
github.com/hack-fiap233/processor/internal/adapters/sqs/consumer.go:109.17,111.3 1 1
github.com/hack-fiap233/processor/internal/adapters/sqs/consumer.go:113.2,113.12 1 5
github.com/hack-fiap233/processor/internal/adapters/smtp/notifier.go:18.43,24.2 1 1
github.com/hack-fiap233/processor/internal/adapters/smtp/notifier.go:26.96,27.55 1 8
github.com/hack-fiap233/processor/internal/adapters/smtp/notifier.go:27.55,30.3 2 3
github.com/hack-fiap233/processor/internal/adapters/smtp/notifier.go:32.2,47.16 5 5
github.com/hack-fiap233/processor/internal/adapters/smtp/notifier.go:47.16,50.3 2 1
github.com/hack-fiap233/processor/internal/adapters/smtp/notifier.go:51.2,52.12 2 4
github.com/hack-fiap233/processor/internal/adapters/zip/archiver.go:13.22,15.2 1 8
github.com/hack-fiap233/processor/internal/adapters/zip/archiver.go:17.66,19.16 2 8
github.com/hack-fiap233/processor/internal/adapters/zip/archiver.go:19.16,21.3 1 1
github.com/hack-fiap233/processor/internal/adapters/zip/archiver.go:22.2,27.29 4 7
github.com/hack-fiap233/processor/internal/adapters/zip/archiver.go:27.29,28.43 1 9
github.com/hack-fiap233/processor/internal/adapters/zip/archiver.go:28.43,30.4 1 1
github.com/hack-fiap233/processor/internal/adapters/zip/archiver.go:32.2,32.12 1 6
github.com/hack-fiap233/processor/internal/adapters/zip/archiver.go:35.53,37.16 2 9
github.com/hack-fiap233/processor/internal/adapters/zip/archiver.go:37.16,39.3 1 1
github.com/hack-fiap233/processor/internal/adapters/zip/archiver.go:40.2,43.16 3 8
github.com/hack-fiap233/processor/internal/adapters/zip/archiver.go:43.16,45.3 1 0
github.com/hack-fiap233/processor/internal/adapters/zip/archiver.go:47.2,48.16 2 8
github.com/hack-fiap233/processor/internal/adapters/zip/archiver.go:48.16,50.3 1 0
github.com/hack-fiap233/processor/internal/adapters/zip/archiver.go:51.2,55.16 4 8
github.com/hack-fiap233/processor/internal/adapters/zip/archiver.go:55.16,57.3 1 0
github.com/hack-fiap233/processor/internal/adapters/zip/archiver.go:59.2,60.12 2 8
github.com/hack-fiap233/processor/internal/application/processor.go:33.26,42.2 1 15
github.com/hack-fiap233/processor/internal/application/processor.go:45.89,48.76 2 16
github.com/hack-fiap233/processor/internal/application/processor.go:48.76,50.3 1 1
github.com/hack-fiap233/processor/internal/application/processor.go:52.2,56.16 4 15
github.com/hack-fiap233/processor/internal/application/processor.go:56.16,60.3 3 5
github.com/hack-fiap233/processor/internal/application/processor.go:62.2,62.97 1 10
github.com/hack-fiap233/processor/internal/application/processor.go:62.97,64.3 1 1
github.com/hack-fiap233/processor/internal/application/processor.go:66.2,70.92 4 9
github.com/hack-fiap233/processor/internal/application/processor.go:70.92,72.3 1 1
github.com/hack-fiap233/processor/internal/application/processor.go:74.2,74.12 1 9
github.com/hack-fiap233/processor/internal/application/processor.go:78.122,80.16 2 15
github.com/hack-fiap233/processor/internal/application/processor.go:80.16,82.3 1 0
github.com/hack-fiap233/processor/internal/application/processor.go:83.2,86.70 3 15
github.com/hack-fiap233/processor/internal/application/processor.go:86.70,88.3 1 2
github.com/hack-fiap233/processor/internal/application/processor.go:90.2,91.53 2 13
github.com/hack-fiap233/processor/internal/application/processor.go:91.53,93.3 1 0
github.com/hack-fiap233/processor/internal/application/processor.go:95.2,96.16 2 13
github.com/hack-fiap233/processor/internal/application/processor.go:96.16,98.3 1 1
github.com/hack-fiap233/processor/internal/application/processor.go:99.2,102.60 3 12
github.com/hack-fiap233/processor/internal/application/processor.go:102.60,104.3 1 1
github.com/hack-fiap233/processor/internal/application/processor.go:106.2,107.63 2 11
github.com/hack-fiap233/processor/internal/application/processor.go:107.63,109.3 1 1
github.com/hack-fiap233/processor/internal/application/processor.go:111.2,114.8 1 10
